[debug] [2023-12-27T15:09:04.945Z] ----------------------------------------------------------------------
[debug] [2023-12-27T15:09:04.947Z] Command:       C:\Program Files\nodejs\node.exe C:\Users\vifon\AppData\Roaming\npm\node_modules\firebase-tools\lib\bin\firebase.js init
[debug] [2023-12-27T15:09:04.948Z] CLI Version:   13.0.2
[debug] [2023-12-27T15:09:04.948Z] Platform:      win32
[debug] [2023-12-27T15:09:04.948Z] Node Version:  v20.10.0
[debug] [2023-12-27T15:09:04.948Z] Time:          Wed Dec 27 2023 16:09:04 GMT+0100 (czas środkowoeuropejski standardowy)
[debug] [2023-12-27T15:09:04.948Z] ----------------------------------------------------------------------
[debug] 
[debug] [2023-12-27T15:09:04.952Z] > command requires scopes: ["email","openid","https://www.googleapis.com/auth/cloudplatformprojects.readonly","https://www.googleapis.com/auth/firebase","https://www.googleapis.com/auth/cloud-platform"]
[debug] [2023-12-27T15:09:04.953Z] > authorizing via signed-in user (sawicki.patryk129@gmail.com)
[info] 
     ######## #### ########  ######## ########     ###     ######  ########
     ##        ##  ##     ## ##       ##     ##  ##   ##  ##       ##
     ######    ##  ########  ######   ########  #########  ######  ######
     ##        ##  ##    ##  ##       ##     ## ##     ##       ## ##
     ##       #### ##     ## ######## ########  ##     ##  ######  ########

You're about to initialize a Firebase project in this directory:

  C:\Users\vifon\Desktop\nextjs3

[info] 
=== Project Setup
[info] 
[info] First, let's associate this project directory with a Firebase project.
[info] You can create multiple project aliases by running firebase use --add, 
[info] but for now we'll just set up a default project.
[info] 
[debug] [2023-12-27T15:09:15.313Z] >>> [apiv2][query] GET https://firebase.googleapis.com/v1beta1/projects pageSize=100
[debug] [2023-12-27T15:09:15.793Z] <<< [apiv2][status] GET https://firebase.googleapis.com/v1beta1/projects 200
[debug] [2023-12-27T15:09:15.793Z] <<< [apiv2][body] GET https://firebase.googleapis.com/v1beta1/projects [omitted]
[info] i  Using project barbershop-82329 (barbershop) 
[info] 
=== Hosting Setup
[debug] [2023-12-27T15:09:18.182Z] >>> [apiv2][query] GET https://firebase.googleapis.com/v1beta1/projects/barbershop-82329 [none]
[debug] [2023-12-27T15:09:18.415Z] <<< [apiv2][status] GET https://firebase.googleapis.com/v1beta1/projects/barbershop-82329 200
[debug] [2023-12-27T15:09:18.416Z] <<< [apiv2][body] GET https://firebase.googleapis.com/v1beta1/projects/barbershop-82329 {"projectId":"barbershop-82329","projectNumber":"641348131174","displayName":"barbershop","name":"projects/barbershop-82329","resources":{"hostingSite":"barbershop-82329","realtimeDatabaseInstance":"barbershop-82329-default-rtdb"},"state":"ACTIVE","etag":"1_b28f1901-13e8-4557-8ee8-8fbc92014ec5"}
[info] 
[info] Your public directory is the folder (relative to your project directory) that
[info] will contain Hosting assets to be uploaded with firebase deploy. If you
[info] have a build process for your assets, use your build's output directory.
[info] 
